{"/home/anand/AltCampus/Advance-JS/Advance-DOM/TA-JS-advanced-dom-and-test-TJaaan/block-BJaajc/code/index.js": {"path":"/home/anand/AltCampus/Advance-JS/Advance-DOM/TA-JS-advanced-dom-and-test-TJaaan/block-BJaajc/code/index.js","statementMap":{"0":{"start":{"line":4,"column":2},"end":{"line":4,"column":36}},"1":{"start":{"line":10,"column":21},"end":{"line":10,"column":42}},"2":{"start":{"line":24,"column":2},"end":{"line":24,"column":69}},"3":{"start":{"line":27,"column":2},"end":{"line":27,"column":61}},"4":{"start":{"line":30,"column":0},"end":{"line":35,"column":2}}},"fnMap":{"0":{"name":"fullName","decl":{"start":{"line":3,"column":9},"end":{"line":3,"column":17}},"loc":{"start":{"line":3,"column":39},"end":{"line":5,"column":1}},"line":3},"1":{"name":"isPalindrome","decl":{"start":{"line":9,"column":9},"end":{"line":9,"column":21}},"loc":{"start":{"line":9,"column":29},"end":{"line":11,"column":1}},"line":9},"2":{"name":"getCircumfrence","decl":{"start":{"line":23,"column":9},"end":{"line":23,"column":24}},"loc":{"start":{"line":23,"column":33},"end":{"line":25,"column":1}},"line":23},"3":{"name":"getArea","decl":{"start":{"line":26,"column":9},"end":{"line":26,"column":16}},"loc":{"start":{"line":26,"column":25},"end":{"line":28,"column":1}},"line":26}},"branchMap":{},"s":{"0":4,"1":0,"2":3,"3":4,"4":1},"f":{"0":4,"1":0,"2":3,"3":4},"b":{},"_coverageSchema":"1a1c01bbd47fc00a2c39e90264f33305004495a9","hash":"eac54a2e6370ac47415a3de9f4ae2639a0090df7"}
}
